Roll No: 2
Name: aa
CGPA: 8.200
NumberOfSubjects: 0
Course Information:- 
Course Code : 520
Marks : 78.000000

Roll No: 5
Name: ad
CGPA: 8.900
NumberOfSubjects: 4
Course Information:- 
Course Code : 520
Marks : 81.000000
Course Code : 420
Marks : 59.000000
Course Code : 500
Marks : 45.000000
Course Code : 560
Marks : 70.000000

Roll No: 3
Name: ag
CGPA: 8.400
NumberOfSubjects: 2
Course Information:- 
Course Code : 520
Marks : 70.000000
Course Code : 560
Marks : 76.000000


*********************************************

